<?xml version="1.0" encoding="UTF-8"?>
<testng-results skipped="0" failed="0" total="1" passed="1">
  <reporter-output>
  </reporter-output>
  <suite name="Suite" duration-ms="150" started-at="2016-06-03T10:31:07Z" finished-at="2016-06-03T10:31:07Z">
    <groups>
    </groups>
    <test name="Test" duration-ms="150" started-at="2016-06-03T10:31:07Z" finished-at="2016-06-03T10:31:07Z">
      <class name="jenkins_package.Demo_Jenkins_Job">
        <test-method status="PASS" signature="testjenkins()[pri:0, instance:jenkins_package.Demo_Jenkins_Job@173a94f]" name="testjenkins" duration-ms="52" started-at="2016-06-03T16:01:07Z" finished-at="2016-06-03T16:01:07Z">
          <reporter-output>
          </reporter-output>
        </test-method> <!-- testjenkins -->
      </class> <!-- jenkins_package.Demo_Jenkins_Job -->
    </test> <!-- Test -->
  </suite> <!-- Suite -->
</testng-results>
